<testsuites id="" name="" tests="1" failures="0" skipped="0" errors="0" time="66.279765">
<testsuite name="setup\auth.setup.ts" timestamp="2025-08-01T09:17:05.659Z" hostname="setup" tests="1" failures="0" skipped="0" time="58.068" errors="0">
<testcase name="authenticate" classname="setup\auth.setup.ts" time="58.068">
<system-out>
<![CDATA[🔐 MCP Authentication Setup Starting...
🔍 Using credentials: <<enter_your_username>>
🔍 Target URL: https://org6d780a22.crm.dynamics.com/main.aspx?appid=4c0648f5-f766-f011-bec2-000d3a36aa25
🔐 Starting login process...
Current URL: https://login.microsoftonline.com/317767d5-cdff-49fc-8e2b-ed349627746e/oauth2/authorize?client_id=00000007-0000-0000-c000-000000000000&response_type=code%20id_token&scope=openid%20profile&state=OpenIdConnect.AuthenticationProperties%3DMAAAAC-iWKxcZBHwjuVgRb0JPexq1p84xo1NzBdLQpiaIm2jsnenmmAyxOf6cR6fekd7egEAAAABAAAACS5yZWRpcmVjdFlodHRwczovL29yZzZkNzgwYTIyLmNybS5keW5hbWljcy5jb20vbWFpbi5hc3B4P2FwcGlkPTRjMDY0OGY1LWY3NjYtZjAxMS1iZWMyLTAwMGQzYTM2YWEyNQ%26RedirectTo%3DMAAAAC%252biWKxcZBHwjuVgRb0JPeyJte6rbYZXowiFLxtLJGZjEmuU80pmw848%252fIiOi4n1Y2h0dHBzOi8vb3JnNmQ3ODBhMjIuY3JtLmR5bmFtaWNzLmNvbS8%253d%26RedirectToForMcas%3Dhttps%253a%252f%252forg6d780a22.crm.dynamics.com%252fmain.aspx%253fappid%253d4c0648f5-f766-f011-bec2-000d3a36aa25&response_mode=form_post&nonce=638896366337302931.OTQ0ZTY5NGUtZmIyNS00M2RmLTk1NDctNTA2NTE2OTU3MzAxMmY2NDVkZTYtZjcxMS00YzA3LTk1ODYtMWM1NmM1MjRjN2I5&redirect_uri=https%3A%2F%2Fby2--namcrmlivesg609.crm.dynamics.com%2F&max_age=86400&claims=%7B%22id_token%22%3A%7B%22xms_cc%22%3A%7B%22values%22%3A%5B%22CP1%22%5D%7D%7D%7D&x-client-SKU=ID_NET472&x-client-ver=8.3.0.0
🔑 Logging in with username: <<enter_your_username>>
📧 Found email field with selector: input[type="email"]
Email field visible: true, Password field visible: true
📧 Filling email field...
🔄 Clicking submit button: input[type="submit"]
🔒 Waiting for password field...
🔒 Filling password field...
🔄 Checking for "Stay signed in" prompt...
✅ Clicking "Yes" to stay signed in...
⏳ Waiting for authentication redirects to complete...
🔄 Attempting to close any popups...
✅ Popup cleanup completed
🏠 Waiting for main page to load...
Current URL after auth: https://org6d780a22.crm.dynamics.com/main.aspx?appid=4c0648f5-f766-f011-bec2-000d3a36aa25
✅ Successfully navigated to Dynamics main page
Final URL: https://org6d780a22.crm.dynamics.com/main.aspx?appid=4c0648f5-f766-f011-bec2-000d3a36aa25
🔄 Attempting to close any popups...
✅ Popup cleanup completed
⏳ Waiting for Dynamics main page...
✅ MCP Authentication completed successfully
💾 Storage state saved to: ./MCP/storage-state/storageState.json
]]>
</system-out>
</testcase>
</testsuite>
</testsuites>